<?xml version="1.0" encoding="UTF-8" ?>
<testsuite tests="2" failures="0" name="hellocucumber.RunCucumberTest" time="0.166" errors="2" skipped="0">
  <properties>
    <property name="java.runtime.name" value="OpenJDK Runtime Environment"/>
    <property name="sun.boot.library.path" value="/usr/lib/jvm/java-8-openjdk-amd64/jre/lib/amd64"/>
    <property name="java.vm.version" value="25.232-b09"/>
    <property name="user.country.format" value="BR"/>
    <property name="java.vm.vendor" value="Private Build"/>
    <property name="maven.multiModuleProjectDirectory" value="/home/aaban/Desktop/22/liferays"/>
    <property name="java.vendor.url" value="http://java.oracle.com/"/>
    <property name="path.separator" value=":"/>
    <property name="guice.disable.misplaced.annotation.check" value="true"/>
    <property name="java.vm.name" value="OpenJDK 64-Bit Server VM"/>
    <property name="file.encoding.pkg" value="sun.io"/>
    <property name="user.country" value="US"/>
    <property name="sun.java.launcher" value="SUN_STANDARD"/>
    <property name="sun.os.patch.level" value="unknown"/>
    <property name="java.vm.specification.name" value="Java Virtual Machine Specification"/>
    <property name="user.dir" value="/home/aaban/Desktop/22/liferays"/>
    <property name="java.runtime.version" value="1.8.0_232-8u232-b09-0ubuntu1~19.04.1-b09"/>
    <property name="java.awt.graphicsenv" value="sun.awt.X11GraphicsEnvironment"/>
    <property name="java.endorsed.dirs" value="/usr/lib/jvm/java-8-openjdk-amd64/jre/lib/endorsed"/>
    <property name="os.arch" value="amd64"/>
    <property name="java.io.tmpdir" value="/tmp"/>
    <property name="line.separator" value="
"/>
    <property name="java.vm.specification.vendor" value="Oracle Corporation"/>
    <property name="os.name" value="Linux"/>
    <property name="classworlds.conf" value="/usr/share/maven/bin/m2.conf"/>
    <property name="sun.jnu.encoding" value="UTF-8"/>
    <property name="java.library.path" value="/usr/java/packages/lib/amd64:/usr/lib/x86_64-linux-gnu/jni:/lib/x86_64-linux-gnu:/usr/lib/x86_64-linux-gnu:/usr/lib/jni:/lib:/usr/lib"/>
    <property name="maven.conf" value="/usr/share/maven/conf"/>
    <property name="java.specification.name" value="Java Platform API Specification"/>
    <property name="java.class.version" value="52.0"/>
    <property name="sun.management.compiler" value="HotSpot 64-Bit Tiered Compilers"/>
    <property name="os.version" value="5.0.0-38-generic"/>
    <property name="library.jansi.path" value="/usr/share/maven/lib/jansi-native"/>
    <property name="user.home" value="/home/aaban"/>
    <property name="user.timezone" value="America/Recife"/>
    <property name="java.awt.printerjob" value="sun.print.PSPrinterJob"/>
    <property name="java.specification.version" value="1.8"/>
    <property name="file.encoding" value="UTF-8"/>
    <property name="user.name" value="aaban"/>
    <property name="java.class.path" value="/usr/share/maven/boot/plexus-classworlds-2.x.jar"/>
    <property name="java.vm.specification.version" value="1.8"/>
    <property name="sun.arch.data.model" value="64"/>
    <property name="java.home" value="/usr/lib/jvm/java-8-openjdk-amd64/jre"/>
    <property name="sun.java.command" value="org.codehaus.plexus.classworlds.launcher.Launcher test"/>
    <property name="java.specification.vendor" value="Oracle Corporation"/>
    <property name="user.language" value="en"/>
    <property name="user.language.format" value="pt"/>
    <property name="awt.toolkit" value="sun.awt.X11.XToolkit"/>
    <property name="java.vm.info" value="mixed mode"/>
    <property name="java.version" value="1.8.0_232"/>
    <property name="java.ext.dirs" value="/usr/lib/jvm/java-8-openjdk-amd64/jre/lib/ext:/usr/java/packages/lib/ext"/>
    <property name="securerandom.source" value="file:/dev/./urandom"/>
    <property name="sun.boot.class.path" value="/usr/lib/jvm/java-8-openjdk-amd64/jre/lib/resources.jar:/usr/lib/jvm/java-8-openjdk-amd64/jre/lib/rt.jar:/usr/lib/jvm/java-8-openjdk-amd64/jre/lib/sunrsasign.jar:/usr/lib/jvm/java-8-openjdk-amd64/jre/lib/jsse.jar:/usr/lib/jvm/java-8-openjdk-amd64/jre/lib/jce.jar:/usr/lib/jvm/java-8-openjdk-amd64/jre/lib/charsets.jar:/usr/lib/jvm/java-8-openjdk-amd64/jre/lib/jfr.jar:/usr/lib/jvm/java-8-openjdk-amd64/jre/classes"/>
    <property name="java.vendor" value="Private Build"/>
    <property name="maven.home" value="/usr/share/maven"/>
    <property name="file.separator" value="/"/>
    <property name="java.vendor.url.bug" value="http://bugreport.sun.com/bugreport/"/>
    <property name="sun.cpu.endian" value="little"/>
    <property name="sun.io.unicode.encoding" value="UnicodeLittle"/>
    <property name="sun.desktop" value="gnome"/>
    <property name="sun.cpu.isalist" value=""/>
  </properties>
  <testcase classname="enviar formulario" name="Mostrar mensagem de erro de caracteres especiais" time="0.159">
    <error message="The step &quot;que estou na tela de formulario&quot; is undefined. You can implement it using the snippet(s) below:

@Dado(&quot;que estou na tela de formulario&quot;)
public void que_estou_na_tela_de_formulario() {
    // Write code here that turns the phrase above into concrete actions
    throw new io.cucumber.java.PendingException();
}


Some other steps were also undefined:

@Quando(&quot;eu insiro todas as outras informações no formulario do usuário&quot;)
public void eu_insiro_todas_as_outras_informações_no_formulario_do_usuário() {
    // Write code here that turns the phrase above into concrete actions
    throw new io.cucumber.java.PendingException();
}
@Quando(&quot;eu preencho o nome apenas com caracteres especiais&quot;)
public void eu_preencho_o_nome_apenas_com_caracteres_especiais() {
    // Write code here that turns the phrase above into concrete actions
    throw new io.cucumber.java.PendingException();
}
@Quando(&quot;faço o envio do formulario&quot;)
public void faço_o_envio_do_formulario() {
    // Write code here that turns the phrase above into concrete actions
    throw new io.cucumber.java.PendingException();
}
@Então(&quot;vejo a mensagem de erro {string}&quot;)
public void vejo_a_mensagem_de_erro(String string) {
    // Write code here that turns the phrase above into concrete actions
    throw new io.cucumber.java.PendingException();
}
" type="io.cucumber.junit.UndefinedStepException">io.cucumber.junit.UndefinedStepException: The step &quot;que estou na tela de formulario&quot; is undefined. You can implement it using the snippet(s) below:

@Dado(&quot;que estou na tela de formulario&quot;)
public void que_estou_na_tela_de_formulario() {
    // Write code here that turns the phrase above into concrete actions
    throw new io.cucumber.java.PendingException();
}


Some other steps were also undefined:

@Quando(&quot;eu insiro todas as outras informações no formulario do usuário&quot;)
public void eu_insiro_todas_as_outras_informações_no_formulario_do_usuário() {
    // Write code here that turns the phrase above into concrete actions
    throw new io.cucumber.java.PendingException();
}
@Quando(&quot;eu preencho o nome apenas com caracteres especiais&quot;)
public void eu_preencho_o_nome_apenas_com_caracteres_especiais() {
    // Write code here that turns the phrase above into concrete actions
    throw new io.cucumber.java.PendingException();
}
@Quando(&quot;faço o envio do formulario&quot;)
public void faço_o_envio_do_formulario() {
    // Write code here that turns the phrase above into concrete actions
    throw new io.cucumber.java.PendingException();
}
@Então(&quot;vejo a mensagem de erro {string}&quot;)
public void vejo_a_mensagem_de_erro(String string) {
    // Write code here that turns the phrase above into concrete actions
    throw new io.cucumber.java.PendingException();
}

</error>
    <system-out>
@projetoliferay @enviarformulario @enviarformulariocomcaracteresespeciais
Cenário: Mostrar mensagem de erro de caracteres especiais                       &amp;#27;[90m# hellocucumber/features/Formulario.feature:7&amp;#27;[0m
  &amp;#27;[33mDado &amp;#27;[0m&amp;#27;[33mque estou na tela de formulario&amp;#27;[0m                                          &amp;#27;[90m# null&amp;#27;[0m
  &amp;#27;[36mQuando &amp;#27;[0m&amp;#27;[36meu insiro todas as outras informações no formulario do usuário&amp;#27;[0m         &amp;#27;[90m# null&amp;#27;[0m
  &amp;#27;[36mMas &amp;#27;[0m&amp;#27;[36meu preencho o nome apenas com caracteres especiais&amp;#27;[0m                        &amp;#27;[90m# null&amp;#27;[0m
  &amp;#27;[36mE &amp;#27;[0m&amp;#27;[36mfaço o envio do formulario&amp;#27;[0m                                                  &amp;#27;[90m# null&amp;#27;[0m
  &amp;#27;[36mEntão &amp;#27;[0m&amp;#27;[36mvejo a mensagem de erro &quot;o campo nome nao aceita caracteres especiais.&quot;&amp;#27;[0m &amp;#27;[90m# null&amp;#27;[0m
</system-out>
  </testcase>
  <testcase classname="enviar formulario" name="Mostrar mensagem de erro de numeros" time="0.007">
    <error message="The step &quot;que estou na tela de formulario&quot; is undefined. You can implement it using the snippet(s) below:

@Dado(&quot;que estou na tela de formulario&quot;)
public void que_estou_na_tela_de_formulario() {
    // Write code here that turns the phrase above into concrete actions
    throw new io.cucumber.java.PendingException();
}


Some other steps were also undefined:

@Quando(&quot;eu insiro todas as outras informações no formulario do usuário&quot;)
public void eu_insiro_todas_as_outras_informações_no_formulario_do_usuário() {
    // Write code here that turns the phrase above into concrete actions
    throw new io.cucumber.java.PendingException();
}
@Quando(&quot;eu preencho o nome apenas com numeros&quot;)
public void eu_preencho_o_nome_apenas_com_numeros() {
    // Write code here that turns the phrase above into concrete actions
    throw new io.cucumber.java.PendingException();
}
@Quando(&quot;faço o envio do formulario&quot;)
public void faço_o_envio_do_formulario() {
    // Write code here that turns the phrase above into concrete actions
    throw new io.cucumber.java.PendingException();
}
@Então(&quot;vejo a mensagem de erro {string}&quot;)
public void vejo_a_mensagem_de_erro(String string) {
    // Write code here that turns the phrase above into concrete actions
    throw new io.cucumber.java.PendingException();
}
" type="io.cucumber.junit.UndefinedStepException">io.cucumber.junit.UndefinedStepException: The step &quot;que estou na tela de formulario&quot; is undefined. You can implement it using the snippet(s) below:

@Dado(&quot;que estou na tela de formulario&quot;)
public void que_estou_na_tela_de_formulario() {
    // Write code here that turns the phrase above into concrete actions
    throw new io.cucumber.java.PendingException();
}


Some other steps were also undefined:

@Quando(&quot;eu insiro todas as outras informações no formulario do usuário&quot;)
public void eu_insiro_todas_as_outras_informações_no_formulario_do_usuário() {
    // Write code here that turns the phrase above into concrete actions
    throw new io.cucumber.java.PendingException();
}
@Quando(&quot;eu preencho o nome apenas com numeros&quot;)
public void eu_preencho_o_nome_apenas_com_numeros() {
    // Write code here that turns the phrase above into concrete actions
    throw new io.cucumber.java.PendingException();
}
@Quando(&quot;faço o envio do formulario&quot;)
public void faço_o_envio_do_formulario() {
    // Write code here that turns the phrase above into concrete actions
    throw new io.cucumber.java.PendingException();
}
@Então(&quot;vejo a mensagem de erro {string}&quot;)
public void vejo_a_mensagem_de_erro(String string) {
    // Write code here that turns the phrase above into concrete actions
    throw new io.cucumber.java.PendingException();
}

</error>
    <system-out>
@projetoliferay @enviarformulario @enviarformulariocomnumeros
Cenário: Mostrar mensagem de erro de numeros                            &amp;#27;[90m# hellocucumber/features/Formulario.feature:15&amp;#27;[0m
  &amp;#27;[33mDado &amp;#27;[0m&amp;#27;[33mque estou na tela de formulario&amp;#27;[0m                                  &amp;#27;[90m# null&amp;#27;[0m
  &amp;#27;[36mQuando &amp;#27;[0m&amp;#27;[36meu insiro todas as outras informações no formulario do usuário&amp;#27;[0m &amp;#27;[90m# null&amp;#27;[0m
  &amp;#27;[36mMas &amp;#27;[0m&amp;#27;[36meu preencho o nome apenas com numeros&amp;#27;[0m                             &amp;#27;[90m# null&amp;#27;[0m
  &amp;#27;[36mE &amp;#27;[0m&amp;#27;[36mfaço o envio do formulario&amp;#27;[0m                                          &amp;#27;[90m# null&amp;#27;[0m
  &amp;#27;[36mEntão &amp;#27;[0m&amp;#27;[36mvejo a mensagem de erro &quot;o campo nome nao aceita numeros.&quot;&amp;#27;[0m      &amp;#27;[90m# null&amp;#27;[0m
</system-out>
  </testcase>
</testsuite>